<?xml version="1.0" encoding="UTF-8"?>
<job id="test-exception-tracking" xmlns="http://xmlns.jcp.org/xml/ns/javaee" version="1.0">
    <listeners>
        <listener ref="jobMonitoringListener"/>
    </listeners>
    <step id="test-exception-step">
        <listeners>
            <listener ref="stepProgressListener"/>
        </listeners>
        <batchlet ref="testExceptionBatchlet"/>
    </step>
</job>